<?xml version="1.0" encoding="UTF-8" ?>
<testsuite errors="0" failures="1" hostname="sevatec1s-MacBook-Pro.local" name="uscis.dhs.testSuite.Functional" skipped="0" tests="3" time="5.373" timestamp="2018-10-29T20:00:13">
  <properties>
[...]
</properties>
  <testcase classname="uscis.dhs.testSuite.Functional" name="verifyIcecreamStoreWelcomeMessage" time="1.939" />
  <testcase classname="uscis.dhs.testSuite.Functional" name="verifyIcecreamStoreComeOnInPageHeader" time="1.524">
    <failure message="Unable to find expected value: Whitelabel Error Page error: org.junit.ComparisonFailure: expected:&lt;[whitelabel error page]&gt; but was:&lt;[thanks for stoping by in our icecream shop]&gt;" type="junit.framework.AssertionFailedError">junit.framework.AssertionFailedError: Unable to find expected value: Whitelabel Error Page error: org.junit.ComparisonFailure: expected:&lt;[whitelabel error page]&gt; but was:&lt;[thanks for stoping by in our icecream shop]&gt;
	at uscis.dhs.support.BaseTestMethods.verify_text(BaseTestMethods.java:87)
	at uscis.dhs.support.BaseAPPMethods.verify_comeonin_page_header(BaseAPPMethods.java:116)
	at uscis.dhs.testSuite.Functional.verifyIcecreamStoreComeOnInPageHeader(Functional.java:95)
</failure>
  </testcase>
  <testcase classname="uscis.dhs.testSuite.Functional" name="verifyIcecreamStorePageHeader" time="1.655" />
  <system-out><![CDATA[ INFO [main] (Functional.java:68) - ---------------Begin Test case: 002_verify_icecream_store_welcome_message--------------
 INFO [main] (Functional.java:69) - Test Description: This test will verify icecream store home page welcome message
 INFO [main] (Functional.java:70) - Test: Functional Test
 INFO [main] (Functional.java:71) - Tier: dev
Test running in: Mac OS Xmachine
 INFO [main] (Functional.java:75) - ---------------End of Test 002_verify_icecream_store_welcome_message---------------------
 INFO [main] (Functional.java:88) - ---------------Begin Test case: 003_verify_icecream_store_come_on_in_page_header--------------
 INFO [main] (Functional.java:89) - Test Description: This test will verify icecream store home page welcome message
 INFO [main] (Functional.java:90) - Test: Functional Test
 INFO [main] (Functional.java:91) - Tier: dev
Test running in: Mac OS Xmachine
 INFO [main] (Functional.java:48) - ---------------Begin Test case: 001_verify_icecream_store_page_header--------------
 INFO [main] (Functional.java:49) - Test Description: This test will ensure icecream store page header
 INFO [main] (Functional.java:50) - Test: Functional Test
 INFO [main] (Functional.java:51) - Tier: dev
Test running in: Mac OS Xmachine
 INFO [main] (Functional.java:55) - ---------------End of Test 001_verify_icecream_store_page_header---------------------
]]></system-out>
  <system-err><![CDATA[Starting ChromeDriver 2.43.600229 (3fae4d0cda5334b4f533bede5a4787f7b832d052) on port 5735
Only local connections are allowed.
Oct 29, 2018 4:00:15 PM org.openqa.selenium.remote.ProtocolHandshake createSession
INFO: Detected dialect: OSS
Starting ChromeDriver 2.43.600229 (3fae4d0cda5334b4f533bede5a4787f7b832d052) on port 25955
Only local connections are allowed.
Oct 29, 2018 4:00:16 PM org.openqa.selenium.remote.ProtocolHandshake createSession
INFO: Detected dialect: OSS
org.junit.ComparisonFailure: expected:<[whitelabel error page]> but was:<[thanks for stoping by in our icecream shop]>
	at org.junit.Assert.assertEquals(Assert.java:115)
	at org.junit.Assert.assertEquals(Assert.java:144)
	at uscis.dhs.support.BaseTestMethods.verify_text(BaseTestMethods.java:82)
	at uscis.dhs.support.BaseAPPMethods.verify_comeonin_page_header(BaseAPPMethods.java:116)
	at uscis.dhs.testSuite.Functional.verifyIcecreamStoreComeOnInPageHeader(Functional.java:95)
	at sun.reflect.NativeMethodAccessorImpl.invoke0(Native Method)
	at sun.reflect.NativeMethodAccessorImpl.invoke(NativeMethodAccessorImpl.java:62)
	at sun.reflect.DelegatingMethodAccessorImpl.invoke(DelegatingMethodAccessorImpl.java:43)
	at java.lang.reflect.Method.invoke(Method.java:498)
	at org.junit.runners.model.FrameworkMethod$1.runReflectiveCall(FrameworkMethod.java:50)
	at org.junit.internal.runners.model.ReflectiveCallable.run(ReflectiveCallable.java:12)
	at org.junit.runners.model.FrameworkMethod.invokeExplosively(FrameworkMethod.java:47)
	at org.junit.internal.runners.statements.InvokeMethod.evaluate(InvokeMethod.java:17)
	at org.junit.runners.ParentRunner.runLeaf(ParentRunner.java:325)
	at org.junit.runners.BlockJUnit4ClassRunner.runChild(BlockJUnit4ClassRunner.java:78)
	at org.junit.runners.BlockJUnit4ClassRunner.runChild(BlockJUnit4ClassRunner.java:57)
	at org.junit.runners.ParentRunner$3.run(ParentRunner.java:290)
	at org.junit.runners.ParentRunner$1.schedule(ParentRunner.java:71)
	at org.junit.runners.ParentRunner.runChildren(ParentRunner.java:288)
	at org.junit.runners.ParentRunner.access$000(ParentRunner.java:58)
	at org.junit.runners.ParentRunner$2.evaluate(ParentRunner.java:268)
	at org.junit.runners.ParentRunner.run(ParentRunner.java:363)
	at junit.framework.JUnit4TestAdapter.run(JUnit4TestAdapter.java:38)
	at org.apache.tools.ant.taskdefs.optional.junit.JUnitTestRunner.run(JUnitTestRunner.java:534)
	at org.apache.tools.ant.taskdefs.optional.junit.JUnitTestRunner.launch(JUnitTestRunner.java:1196)
	at org.apache.tools.ant.taskdefs.optional.junit.JUnitTestRunner.main(JUnitTestRunner.java:1041)
Starting ChromeDriver 2.43.600229 (3fae4d0cda5334b4f533bede5a4787f7b832d052) on port 33836
Only local connections are allowed.
Oct 29, 2018 4:00:18 PM org.openqa.selenium.remote.ProtocolHandshake createSession
INFO: Detected dialect: OSS
]]></system-err>
</testsuite>
